<?xml version="1.0" encoding="UTF-8"?>
<!-- Generated by org.testng.reporters.JUnitXMLReporter -->
<testsuite hostname="DESKTOP-L0UKPJR" ignored="0" name="RadioButtonTest" tests="3" failures="0" timestamp="2021-07-08T19:53:40 MESZ" time="0.69" errors="0">
  <testcase name="radioButtonTest" time="0.236" classname="testCases.RadioButtonTest"/>
  <testcase name="radioButtonTest" time="0.198" classname="testCases.RadioButtonTest"/>
  <testcase name="radioButtonTest" time="0.157" classname="testCases.RadioButtonTest"/>
</testsuite> <!-- RadioButtonTest -->
