<?xml version="1.0" encoding="UTF-8"?>
<!-- Generated by org.testng.reporters.JUnitXMLReporter -->
<testsuite hostname="DESKTOP-L0UKPJR" ignored="0" name="SelectClassExampleTest" tests="3" failures="0" timestamp="2021-07-08T19:53:40 MESZ" time="0.429" errors="0">
  <testcase name="selectBmwTest" time="0.054" classname="testCases.SelectClassExampleTest"/>
  <testcase name="selectBenzTest" time="0.127" classname="testCases.SelectClassExampleTest"/>
  <testcase name="selectHondaTest" time="0.108" classname="testCases.SelectClassExampleTest"/>
</testsuite> <!-- SelectClassExampleTest -->
